<?xml version="1.0" encoding="UTF-8"?>
<!-- Generated by org.testng.reporters.JUnitReportReporter -->
<testsuite hostname="TIU-LPQA39VV" failures="0" tests="1" name="com.org.MyMaven.HellowWorldTest" time="129.877" errors="0" timestamp="2019-10-04T14:28:25 IST" skipped="0">
  <testcase classname="com.org.MyMaven.HellowWorldTest" name="Test" time="129.877"/>
</testsuite> <!-- com.org.MyMaven.HellowWorldTest -->
