<?xml version="1.0" encoding="UTF-8"?>
<!-- Generated by org.testng.reporters.JUnitReportReporter -->
<testsuite hostname="TIU-LPQA39VV" failures="0" tests="1" name="com.org.MyMaven.HellowWorldTest" time="87.105" errors="0" timestamp="2019-10-09T20:01:35 IST" skipped="0">
  <testcase classname="com.org.MyMaven.HellowWorldTest" name="Test" time="87.105"/>
</testsuite> <!-- com.org.MyMaven.HellowWorldTest -->
